<?xml version="1.0" encoding="UTF-8"?>
<!-- Generated by org.testng.reporters.JUnitXMLReporter -->
<testsuite ignored="0" hostname="C624LBLR" failures="0" tests="3" name="Default test" time="26.793" errors="0" timestamp="2024-05-26T11:44:35 IST">
  <testcase classname="testcases.Verify_RegistrationPage" name="verify_LandingPage" time="15.418"/>
  <testcase classname="testcases.Verify_RegistrationPage" name="verify_HomePage" time="2.37"/>
  <testcase classname="testcases.Verify_RegistrationPage" name="verify_RegistrationPage" time="8.953"/>
</testsuite> <!-- Default test -->
