<?xml version="1.0" encoding="UTF-8"?>
<testng-results ignored="0" total="3" passed="3" failed="0" skipped="0">
  <reporter-output>
    <line>
      <![CDATA[Chrome Browser opened successfully]]>
    </line>
    <line>
      <![CDATA[verify_LandingPage]]>
    </line>
    <line>
      <![CDATA[Landing page opened successfully]]>
    </line>
    <line>
      <![CDATA[verify_HomePage]]>
    </line>
    <line>
      <![CDATA[HomePage opened Successfully]]>
    </line>
    <line>
      <![CDATA[verify_RegistrationPage]]>
    </line>
    <line>
      <![CDATA[Registration page opened Successfully]]>
    </line>
  </reporter-output>
  <suite started-at="2024-05-26T11:44:08 IST" name="Default suite" finished-at="2024-05-26T11:44:35 IST" duration-ms="26793">
    <groups>
    </groups>
    <test started-at="2024-05-26T11:44:08 IST" name="Default test" finished-at="2024-05-26T11:44:35 IST" duration-ms="26793">
      <class name="testcases.Verify_RegistrationPage">
        <test-method signature="verify_LandingPage()[pri:0, instance:testcases.Verify_RegistrationPage@48974e45]" started-at="2024-05-26T11:44:08 IST" name="verify_LandingPage" finished-at="2024-05-26T11:44:24 IST" duration-ms="15418" status="PASS">
          <reporter-output>
            <line>
              <![CDATA[Chrome Browser opened successfully]]>
            </line>
            <line>
              <![CDATA[verify_LandingPage]]>
            </line>
            <line>
              <![CDATA[Landing page opened successfully]]>
            </line>
          </reporter-output>
        </test-method> <!-- verify_LandingPage -->
        <test-method signature="verify_HomePage()[pri:0, instance:testcases.Verify_RegistrationPage@48974e45]" started-at="2024-05-26T11:44:24 IST" name="verify_HomePage" finished-at="2024-05-26T11:44:26 IST" depends-on-methods="testcases.Verify_RegistrationPage.verify_LandingPage" duration-ms="2370" status="PASS">
          <reporter-output>
            <line>
              <![CDATA[verify_HomePage]]>
            </line>
            <line>
              <![CDATA[HomePage opened Successfully]]>
            </line>
          </reporter-output>
        </test-method> <!-- verify_HomePage -->
        <test-method signature="verify_RegistrationPage()[pri:0, instance:testcases.Verify_RegistrationPage@48974e45]" started-at="2024-05-26T11:44:26 IST" name="verify_RegistrationPage" finished-at="2024-05-26T11:44:35 IST" depends-on-methods="testcases.Verify_RegistrationPage.verify_HomePage" duration-ms="8953" status="PASS">
          <reporter-output>
            <line>
              <![CDATA[verify_RegistrationPage]]>
            </line>
            <line>
              <![CDATA[Registration page opened Successfully]]>
            </line>
          </reporter-output>
        </test-method> <!-- verify_RegistrationPage -->
      </class> <!-- testcases.Verify_RegistrationPage -->
    </test> <!-- Default test -->
  </suite> <!-- Default suite -->
</testng-results>
